<?xml version="1.0" encoding="UTF-8"?>
<!-- Generated by org.testng.reporters.JUnitXMLReporter -->
<testsuite ignored="0" hostname="DESKTOP-T57P5HU" failures="0" tests="5" name="Default test" time="371.573" errors="0" timestamp="2023-06-08T14:59:22 ICT">
  <testcase classname="executionEngine.TestScript_Keyword" name="excute_Register" time="147.076"/>
  <testcase classname="executionEngine.TestScript_Keyword" name="excute_Login" time="98.148"/>
  <testcase classname="executionEngine.TestScript_Keyword" name="excute_Search" time="41.183"/>
  <testcase classname="executionEngine.TestScript_Keyword" name="excute_Cart" time="79.135"/>
  <testcase classname="executionEngine.TestScript_Keyword" name="excute_Order" time="4.574"/>
</testsuite> <!-- Default test -->
