<?xml version="1.0" encoding="UTF-8"?>
<testng-results ignored="0" total="5" passed="5" failed="0" skipped="0">
  <reporter-output>
  </reporter-output>
  <suite started-at="2023-06-08T14:53:09 ICT" name="Default suite" finished-at="2023-06-08T14:59:21 ICT" duration-ms="371573">
    <groups>
    </groups>
    <test started-at="2023-06-08T14:53:09 ICT" name="Default test" finished-at="2023-06-08T14:59:21 ICT" duration-ms="371573">
      <class name="executionEngine.TestScript_Keyword">
        <test-method signature="excute_Register()[pri:1, instance:executionEngine.TestScript_Keyword@19c65cdc]" started-at="2023-06-08T14:53:11 ICT" name="excute_Register" finished-at="2023-06-08T14:55:38 ICT" duration-ms="147076" status="PASS">
          <reporter-output>
          </reporter-output>
        </test-method> <!-- excute_Register -->
        <test-method signature="excute_Login()[pri:2, instance:executionEngine.TestScript_Keyword@19c65cdc]" started-at="2023-06-08T14:55:38 ICT" name="excute_Login" finished-at="2023-06-08T14:57:16 ICT" duration-ms="98148" status="PASS">
          <reporter-output>
          </reporter-output>
        </test-method> <!-- excute_Login -->
        <test-method signature="excute_Search()[pri:3, instance:executionEngine.TestScript_Keyword@19c65cdc]" started-at="2023-06-08T14:57:16 ICT" name="excute_Search" finished-at="2023-06-08T14:57:57 ICT" duration-ms="41183" status="PASS">
          <reporter-output>
          </reporter-output>
        </test-method> <!-- excute_Search -->
        <test-method signature="excute_Cart()[pri:4, instance:executionEngine.TestScript_Keyword@19c65cdc]" started-at="2023-06-08T14:57:57 ICT" name="excute_Cart" finished-at="2023-06-08T14:59:16 ICT" duration-ms="79135" status="PASS">
          <reporter-output>
          </reporter-output>
        </test-method> <!-- excute_Cart -->
        <test-method signature="excute_Order()[pri:5, instance:executionEngine.TestScript_Keyword@19c65cdc]" started-at="2023-06-08T14:59:16 ICT" name="excute_Order" finished-at="2023-06-08T14:59:21 ICT" duration-ms="4574" status="PASS">
          <reporter-output>
          </reporter-output>
        </test-method> <!-- excute_Order -->
      </class> <!-- executionEngine.TestScript_Keyword -->
    </test> <!-- Default test -->
  </suite> <!-- Default suite -->
</testng-results>
